  Building Custom Rule C:/dev/CzujkiLiniowe/libharu/src/CMakeLists.txt
  hpdf_annotation.c
  hpdf_array.c
  hpdf_binary.c
  hpdf_boolean.c
  hpdf_catalog.c
  hpdf_destination.c
  hpdf_dict.c
  hpdf_doc_png.c
  hpdf_doc.c
  hpdf_encoder_cns.c
  hpdf_encoder_cnt.c
  hpdf_encoder_jp.c
  hpdf_encoder_kr.c
  hpdf_encoder.c
C:\dev\CzujkiLiniowe\libharu\src\hpdf_encoder.c(2766,1): warning C4244: "inicjowanie": konwersja z "HPDF_UINT16" do "HPDF_BYTE", możliwa utrata danych
  hpdf_encrypt.c
  hpdf_encryptdict.c
  hpdf_error.c
  hpdf_ext_gstate.c
  hpdf_font_cid.c
  hpdf_font_tt.c
  Generowanie kodu...
  Trwa kompilowanie...
  hpdf_font_type1.c
  hpdf_font.c
  hpdf_fontdef_base14.c
  hpdf_fontdef_cid.c
  hpdf_fontdef_cns.c
  hpdf_fontdef_cnt.c
  hpdf_fontdef_jp.c
  hpdf_fontdef_kr.c
  hpdf_fontdef_tt.c
  hpdf_fontdef_type1.c
C:\dev\CzujkiLiniowe\libharu\src\hpdf_fontdef_type1.c(338,73): warning C4244: "=": konwersja z "__int64" do "HPDF_UINT", możliwa utrata danych
C:\dev\CzujkiLiniowe\libharu\src\hpdf_fontdef_type1.c(347,51): warning C4244: "=": konwersja z "__int64" do "HPDF_UINT", możliwa utrata danych
  hpdf_fontdef.c
  hpdf_gstate.c
  hpdf_image_ccitt.c
C:\dev\CzujkiLiniowe\libharu\src\hpdf_image_ccitt.c(428,11): warning C4311: "typ rzutowania": obcięcie wskaźnika z "unsigned char *" do "unsigned long"
C:\dev\CzujkiLiniowe\libharu\src\hpdf_image_ccitt.c(487,11): warning C4311: "typ rzutowania": obcięcie wskaźnika z "unsigned char *" do "unsigned long"
  hpdf_image_png.c
  hpdf_image.c
  hpdf_info.c
  hpdf_list.c
  hpdf_mmgr.c
  hpdf_name.c
  hpdf_namedict.c
  Generowanie kodu...
  Trwa kompilowanie...
  hpdf_null.c
  hpdf_number.c
  hpdf_objects.c
  hpdf_outline.c
  hpdf_page_label.c
  hpdf_page_operator.c
C:\dev\CzujkiLiniowe\libharu\src\hpdf_page_operator.c(1158,79): warning C4244: "funkcja": konwersja z "HPDF_REAL" do "HPDF_STATUS", możliwa utrata danych
  hpdf_pages.c
  hpdf_real.c
  hpdf_streams.c
C:\dev\CzujkiLiniowe\libharu\src\hpdf_streams.c(811,40): warning C4267: "=": konwersja z "size_t" do "HPDF_UINT", możliwa utrata danych
C:\dev\CzujkiLiniowe\libharu\src\hpdf_streams.c(978,40): warning C4267: "=": konwersja z "size_t" do "HPDF_UINT", możliwa utrata danych
  hpdf_string.c
  hpdf_u3d.c
  hpdf_utils.c
  hpdf_xref.c
  hpdf_pdfa.c
  hpdf_3dmeasure.c
  hpdf_exdata.c
  hpdf_encoder_utf.c
C:\dev\CzujkiLiniowe\libharu\src\hpdf_encoder_utf.c(202,25): warning C4244: "=": konwersja z "__int64" do "HPDF_UINT", możliwa utrata danych
  Generowanie kodu...
  libhpdfs.vcxproj -> C:\dev\CzujkiLiniowe\build\src\Release\libhpdfs.lib
